2021-05-13 00:09:03.501 [main] INFO  c.e.c.CyjEntityCreaterApplicationTests - No active profile set, falling back to default profiles: default
2021-05-13 00:09:04.794 [main] INFO  o.s.d.r.config.RepositoryConfigurationDelegate - Multiple Spring Data modules found, entering strict repository configuration mode!
2021-05-13 00:09:04.798 [main] INFO  o.s.d.r.config.RepositoryConfigurationDelegate - Bootstrapping Spring Data JPA repositories in DEFAULT mode.
2021-05-13 00:09:05.063 [main] INFO  o.s.d.r.config.RepositoryConfigurationDelegate - Finished Spring Data repository scanning in 254ms. Found 4 JPA repository interfaces.
2021-05-13 00:09:05.097 [main] INFO  o.s.d.r.config.RepositoryConfigurationDelegate - Multiple Spring Data modules found, entering strict repository configuration mode!
2021-05-13 00:09:05.099 [main] INFO  o.s.d.r.config.RepositoryConfigurationDelegate - Bootstrapping Spring Data Redis repositories in DEFAULT mode.
2021-05-13 00:09:05.136 [main] INFO  o.s.d.r.c.RepositoryConfigurationExtensionSupport - Spring Data Redis - Could not safely identify store assignment for repository candidate interface com.example.cyjentitycreater.dao.AppServiceDao. If you want this repository to be a Redis repository, consider annotating your entities with one of these annotations: org.springframework.data.redis.core.RedisHash (preferred), or consider extending one of the following types with your repository: org.springframework.data.keyvalue.repository.KeyValueRepository.
2021-05-13 00:09:05.137 [main] INFO  o.s.d.r.c.RepositoryConfigurationExtensionSupport - Spring Data Redis - Could not safely identify store assignment for repository candidate interface com.example.cyjentitycreater.dao.EntityDao. If you want this repository to be a Redis repository, consider annotating your entities with one of these annotations: org.springframework.data.redis.core.RedisHash (preferred), or consider extending one of the following types with your repository: org.springframework.data.keyvalue.repository.KeyValueRepository.
2021-05-13 00:09:05.138 [main] INFO  o.s.d.r.c.RepositoryConfigurationExtensionSupport - Spring Data Redis - Could not safely identify store assignment for repository candidate interface com.example.cyjentitycreater.dao.EntityNameDao. If you want this repository to be a Redis repository, consider annotating your entities with one of these annotations: org.springframework.data.redis.core.RedisHash (preferred), or consider extending one of the following types with your repository: org.springframework.data.keyvalue.repository.KeyValueRepository.
2021-05-13 00:09:05.139 [main] INFO  o.s.d.r.c.RepositoryConfigurationExtensionSupport - Spring Data Redis - Could not safely identify store assignment for repository candidate interface com.example.cyjentitycreater.dao.IndexDao. If you want this repository to be a Redis repository, consider annotating your entities with one of these annotations: org.springframework.data.redis.core.RedisHash (preferred), or consider extending one of the following types with your repository: org.springframework.data.keyvalue.repository.KeyValueRepository.
2021-05-13 00:09:05.139 [main] INFO  o.s.d.r.config.RepositoryConfigurationDelegate - Finished Spring Data repository scanning in 27ms. Found 0 Redis repository interfaces.
2021-05-13 00:09:05.309 [main] WARN  o.springframework.boot.actuate.endpoint.EndpointId - Endpoint ID 'service-registry' contains invalid characters, please migrate to a valid format.
2021-05-13 00:09:05.575 [main] INFO  o.springframework.cloud.context.scope.GenericScope - BeanFactory id=0399489c-c4d8-3d26-9b1c-00c9935c21ad
2021-05-13 00:09:06.362 [main] INFO  org.hibernate.jpa.internal.util.LogHelper - HHH000204: Processing PersistenceUnitInfo [name: default]
2021-05-13 00:09:06.478 [main] INFO  org.hibernate.Version - HHH000412: Hibernate ORM core version 5.4.15.Final
2021-05-13 00:09:06.702 [main] INFO  org.hibernate.annotations.common.Version - HCANN000001: Hibernate Commons Annotations {5.1.0.Final}
2021-05-13 00:09:07.080 [main] INFO  com.zaxxer.hikari.HikariDataSource - HikariPool-1 - Starting...
2021-05-13 00:09:07.098 [main] INFO  com.zaxxer.hikari.HikariDataSource - HikariPool-1 - Start completed.
2021-05-13 00:09:07.142 [main] INFO  org.hibernate.dialect.Dialect - HHH000400: Using dialect: org.hibernate.dialect.MySQL8Dialect
2021-05-13 00:09:08.148 [main] INFO  o.h.e.t.jta.platform.internal.JtaPlatformInitiator - HHH000490: Using JtaPlatform implementation: [org.hibernate.engine.transaction.jta.platform.internal.NoJtaPlatform]
2021-05-13 00:09:08.161 [main] INFO  o.s.orm.jpa.LocalContainerEntityManagerFactoryBean - Initialized JPA EntityManagerFactory for persistence unit 'default'
2021-05-13 00:09:08.998 [main] WARN  o.s.b.a.o.j.JpaBaseConfiguration$JpaWebConfiguration - spring.jpa.open-in-view is enabled by default. Therefore, database queries may be performed during view rendering. Explicitly configure spring.jpa.open-in-view to disable this warning
2021-05-13 00:09:09.151 [main] INFO  com.netflix.config.sources.URLConfigurationSource - URLs to be used as dynamic configuration source: [file:/C:/Users/95263/IdeaProjects/cyj/cyj-entity-creater/target/classes/config.properties]
2021-05-13 00:09:09.183 [main] INFO  com.netflix.config.DynamicPropertyFactory - DynamicPropertyFactory is initialized with configuration sources: com.netflix.config.ConcurrentCompositeConfiguration@333efb51
2021-05-13 00:09:09.864 [main] INFO  com.netflix.config.sources.URLConfigurationSource - URLs to be used as dynamic configuration source: [file:/C:/Users/95263/IdeaProjects/cyj/cyj-entity-creater/target/classes/config.properties]
2021-05-13 00:09:10.140 [main] INFO  o.s.scheduling.concurrent.ThreadPoolTaskExecutor - Initializing ExecutorService 'applicationTaskExecutor'
2021-05-13 00:09:12.906 [main] INFO  o.s.b.a.s.s.UserDetailsServiceAutoConfiguration - 

Using generated security password: 2c11f88b-2530-4c06-9477-5b189c216c8d

2021-05-13 00:09:13.390 [main] INFO  o.s.security.web.DefaultSecurityFilterChain - Creating filter chain: any request, [org.springframework.security.web.context.request.async.WebAsyncManagerIntegrationFilter@3edd135d, org.springframework.security.web.context.SecurityContextPersistenceFilter@6ca257de, org.springframework.security.web.header.HeaderWriterFilter@18de84f0, org.springframework.security.web.authentication.logout.LogoutFilter@63fa7643, org.springframework.security.oauth2.provider.authentication.OAuth2AuthenticationProcessingFilter@3bd69a51, org.springframework.security.web.authentication.www.BasicAuthenticationFilter@6e04275e, org.springframework.security.web.savedrequest.RequestCacheAwareFilter@1de618b3, org.springframework.security.web.servletapi.SecurityContextHolderAwareRequestFilter@301af154, org.springframework.security.web.authentication.AnonymousAuthenticationFilter@3770dd80, org.springframework.security.web.session.SessionManagementFilter@6f798e5a, org.springframework.security.web.access.ExceptionTranslationFilter@2be0ea4a, org.springframework.security.web.access.intercept.FilterSecurityInterceptor@4bbb00a4]
2021-05-13 00:09:13.847 [main] INFO  o.s.c.n.e.c.DiscoveryClientOptionalArgsConfiguration - Eureka HTTP Client uses Jersey
2021-05-13 00:09:13.910 [main] WARN  o.s.c.l.c.BlockingLoadBalancerClientAutoConfiguration$BlockingLoadBalancerClientRibbonWarnLogger - You already have RibbonLoadBalancerClient on your classpath. It will be used by default. As Spring Cloud Ribbon is in maintenance mode. We recommend switching to BlockingLoadBalancerClient instead. In order to use it, set the value of `spring.cloud.loadbalancer.ribbon.enabled` to `false` or remove spring-cloud-starter-netflix-ribbon from your project.
2021-05-13 00:09:13.995 [main] WARN  o.s.c.s.o.SpringCloudSecurityAutoConfiguration - All Spring Cloud Security modules and starters are deprecated. They will be moved to individual projects in the next major release.
2021-05-13 00:09:14.008 [main] INFO  o.s.b.actuate.endpoint.web.EndpointLinksResolver - Exposing 2 endpoint(s) beneath base path '/actuator'
2021-05-13 00:09:14.093 [main] INFO  c.e.c.CyjEntityCreaterApplicationTests - Started CyjEntityCreaterApplicationTests in 12.15 seconds (JVM running for 13.313)
2021-05-13 00:09:14.223 [SpringContextShutdownHook] INFO  o.s.cloud.netflix.eureka.InstanceInfoFactory - Setting initial instance status as: STARTING
2021-05-13 00:09:14.226 [SpringContextShutdownHook] INFO  o.s.c.n.e.serviceregistry.EurekaServiceRegistry - Unregistering application CYJ-ENTITY-CREATER with eureka with status DOWN
2021-05-13 00:09:14.241 [SpringContextShutdownHook] INFO  o.s.scheduling.concurrent.ThreadPoolTaskExecutor - Shutting down ExecutorService 'applicationTaskExecutor'
2021-05-13 00:09:14.247 [SpringContextShutdownHook] INFO  o.s.orm.jpa.LocalContainerEntityManagerFactoryBean - Closing JPA EntityManagerFactory for persistence unit 'default'
2021-05-13 00:09:14.249 [SpringContextShutdownHook] INFO  com.zaxxer.hikari.HikariDataSource - HikariPool-1 - Shutdown initiated...
2021-05-13 00:09:14.254 [SpringContextShutdownHook] INFO  com.zaxxer.hikari.HikariDataSource - HikariPool-1 - Shutdown completed.
